Arguments: 
  /usr/local/Cellar/node/18.10.0/bin/node /usr/local/bin/yarn client

PATH: 
  /Users/obate/.rbenv/shims:/Users/obate/.yarn/bin:/Users/obate/.config/yarn/global/node_modules/.bin:/usr/local/bin:/usr/bin:/bin:/usr/sbin:/sbin:/Library/Apple/usr/bin:/Users/obate/go/bin:/usr/local/opt/go/libexec/bin

Yarn version: 
  1.22.17

Node version: 
  18.10.0

Platform: 
  darwin x64

Trace: 
  SyntaxError: /Users/obate/projects/github.com/book-donation-platform/package.json: Unexpected token } in JSON at position 319
      at JSON.parse (<anonymous>)
      at /usr/local/lib/node_modules/yarn/lib/cli.js:1625:59
      at Generator.next (<anonymous>)
      at step (/usr/local/lib/node_modules/yarn/lib/cli.js:310:30)
      at /usr/local/lib/node_modules/yarn/lib/cli.js:321:13

npm manifest: 
  {
    "name": "book-donation-platform",
    "version": "1.0.0",
    "repository": "https://github.com/thisisobate/book-donation-platform.git",
    "author": "uchechukwu obasi",
    "license": "MIT",
    "workspaces": ["packages/*"],
    "scripts": {
      "client": "yarn workspace client dev",
      "server": "yarn workspace api dev",
  }
  }

yarn manifest: 
  No manifest

Lockfile: 
  No lockfile
